<?xml version="1.0" encoding="UTF-8"?>
<testsuite xmlns:xsi="http://www.w3.org/2001/XMLSchema-instance" xsi:noNamespaceSchemaLocation="https://maven.apache.org/surefire/maven-surefire-plugin/xsd/surefire-test-report.xsd" name="com.geolocations.IpGeolocationIntegrationTest" time="2.73" tests="1" errors="0" skipped="0" failures="0">
  <properties>
    <property name="java.specification.version" value="23"/>
    <property name="sun.jnu.encoding" value="UTF-8"/>
    <property name="java.class.path" value="/Users/sravyabommadevara/Desktop/Final/geolocations_demo/target/test-classes:/Users/sravyabommadevara/Desktop/Final/geolocations_demo/target/classes:/Users/sravyabommadevara/.m2/repository/io/dropwizard/dropwizard-core/4.0.12/dropwizard-core-4.0.12.jar:/Users/sravyabommadevara/.m2/repository/io/dropwizard/dropwizard-util/4.0.12/dropwizard-util-4.0.12.jar:/Users/sravyabommadevara/.m2/repository/io/dropwizard/dropwizard-jackson/4.0.12/dropwizard-jackson-4.0.12.jar:/Users/sravyabommadevara/.m2/repository/com/fasterxml/jackson/core/jackson-core/2.18.2/jackson-core-2.18.2.jar:/Users/sravyabommadevara/.m2/repository/com/fasterxml/jackson/datatype/jackson-datatype-guava/2.18.2/jackson-datatype-guava-2.18.2.jar:/Users/sravyabommadevara/.m2/repository/com/fasterxml/jackson/datatype/jackson-datatype-jsr310/2.18.2/jackson-datatype-jsr310-2.18.2.jar:/Users/sravyabommadevara/.m2/repository/com/fasterxml/jackson/datatype/jackson-datatype-jdk8/2.18.2/jackson-datatype-jdk8-2.18.2.jar:/Users/sravyabommadevara/.m2/repository/com/fasterxml/jackson/module/jackson-module-parameter-names/2.18.2/jackson-module-parameter-names-2.18.2.jar:/Users/sravyabommadevara/.m2/repository/com/fasterxml/jackson/module/jackson-module-blackbird/2.18.2/jackson-module-blackbird-2.18.2.jar:/Users/sravyabommadevara/.m2/repository/io/dropwizard/dropwizard-validation/4.0.12/dropwizard-validation-4.0.12.jar:/Users/sravyabommadevara/.m2/repository/com/fasterxml/classmate/1.7.0/classmate-1.7.0.jar:/Users/sravyabommadevara/.m2/repository/org/hibernate/validator/hibernate-validator/7.0.5.Final/hibernate-validator-7.0.5.Final.jar:/Users/sravyabommadevara/.m2/repository/org/glassfish/jakarta.el/4.0.2/jakarta.el-4.0.2.jar:/Users/sravyabommadevara/.m2/repository/jakarta/el/jakarta.el-api/4.0.0/jakarta.el-api-4.0.0.jar:/Users/sravyabommadevara/.m2/repository/io/dropwizard/dropwizard-configuration/4.0.12/dropwizard-configuration-4.0.12.jar:/Users/sravyabommadevara/.m2/repository/com/fasterxml/jackson/dataformat/jackson-dataformat-yaml/2.18.2/jackson-dataformat-yaml-2.18.2.jar:/Users/sravyabommadevara/.m2/repository/org/yaml/snakeyaml/2.3/snakeyaml-2.3.jar:/Users/sravyabommadevara/.m2/repository/org/apache/commons/commons-text/1.13.0/commons-text-1.13.0.jar:/Users/sravyabommadevara/.m2/repository/org/apache/commons/commons-lang3/3.17.0/commons-lang3-3.17.0.jar:/Users/sravyabommadevara/.m2/repository/io/dropwizard/dropwizard-logging/4.0.12/dropwizard-logging-4.0.12.jar:/Users/sravyabommadevara/.m2/repository/io/dropwizard/metrics/metrics-logback/4.2.30/metrics-logback-4.2.30.jar:/Users/sravyabommadevara/.m2/repository/org/slf4j/jul-to-slf4j/2.0.16/jul-to-slf4j-2.0.16.jar:/Users/sravyabommadevara/.m2/repository/io/dropwizard/logback/logback-throttling-appender/1.4.2/logback-throttling-appender-1.4.2.jar:/Users/sravyabommadevara/.m2/repository/org/slf4j/log4j-over-slf4j/2.0.16/log4j-over-slf4j-2.0.16.jar:/Users/sravyabommadevara/.m2/repository/org/slf4j/jcl-over-slf4j/2.0.16/jcl-over-slf4j-2.0.16.jar:/Users/sravyabommadevara/.m2/repository/io/dropwizard/dropwizard-metrics/4.0.12/dropwizard-metrics-4.0.12.jar:/Users/sravyabommadevara/.m2/repository/io/dropwizard/dropwizard-jersey/4.0.12/dropwizard-jersey-4.0.12.jar:/Users/sravyabommadevara/.m2/repository/org/glassfish/jersey/ext/jersey-metainf-services/3.0.17/jersey-metainf-services-3.0.17.jar:/Users/sravyabommadevara/.m2/repository/org/glassfish/jersey/inject/jersey-hk2/3.0.17/jersey-hk2-3.0.17.jar:/Users/sravyabommadevara/.m2/repository/org/glassfish/hk2/hk2-locator/3.0.6/hk2-locator-3.0.6.jar:/Users/sravyabommadevara/.m2/repository/org/javassist/javassist/3.30.2-GA/javassist-3.30.2-GA.jar:/Users/sravyabommadevara/.m2/repository/io/dropwizard/metrics/metrics-jersey3/4.2.30/metrics-jersey3-4.2.30.jar:/Users/sravyabommadevara/.m2/repository/jakarta/annotation/jakarta.annotation-api/2.0.0/jakarta.annotation-api-2.0.0.jar:/Users/sravyabommadevara/.m2/repository/org/glassfish/hk2/hk2-api/3.0.6/hk2-api-3.0.6.jar:/Users/sravyabommadevara/.m2/repository/org/glassfish/hk2/hk2-utils/3.0.6/hk2-utils-3.0.6.jar:/Users/sravyabommadevara/.m2/repository/org/glassfish/hk2/external/aopalliance-repackaged/3.0.6/aopalliance-repackaged-3.0.6.jar:/Users/sravyabommadevara/.m2/repository/org/glassfish/jersey/containers/jersey-container-servlet/3.0.17/jersey-container-servlet-3.0.17.jar:/Users/sravyabommadevara/.m2/repository/org/eclipse/jetty/jetty-io/11.0.24/jetty-io-11.0.24.jar:/Users/sravyabommadevara/.m2/repository/io/dropwizard/dropwizard-servlets/4.0.12/dropwizard-servlets-4.0.12.jar:/Users/sravyabommadevara/.m2/repository/io/dropwizard/dropwizard-jetty/4.0.12/dropwizard-jetty-4.0.12.jar:/Users/sravyabommadevara/.m2/repository/org/eclipse/jetty/jetty-servlets/11.0.24/jetty-servlets-11.0.24.jar:/Users/sravyabommadevara/.m2/repository/org/eclipse/jetty/jetty-http/11.0.24/jetty-http-11.0.24.jar:/Users/sravyabommadevara/.m2/repository/io/dropwizard/dropwizard-lifecycle/4.0.12/dropwizard-lifecycle-4.0.12.jar:/Users/sravyabommadevara/.m2/repository/io/dropwizard/dropwizard-health/4.0.12/dropwizard-health-4.0.12.jar:/Users/sravyabommadevara/.m2/repository/io/dropwizard/metrics/metrics-core/4.2.30/metrics-core-4.2.30.jar:/Users/sravyabommadevara/.m2/repository/io/dropwizard/metrics/metrics-jetty11/4.2.30/metrics-jetty11-4.2.30.jar:/Users/sravyabommadevara/.m2/repository/io/dropwizard/metrics/metrics-annotation/4.2.30/metrics-annotation-4.2.30.jar:/Users/sravyabommadevara/.m2/repository/io/dropwizard/metrics/metrics-jvm/4.2.30/metrics-jvm-4.2.30.jar:/Users/sravyabommadevara/.m2/repository/io/dropwizard/metrics/metrics-jmx/4.2.30/metrics-jmx-4.2.30.jar:/Users/sravyabommadevara/.m2/repository/io/dropwizard/metrics/metrics-jakarta-servlets/4.2.30/metrics-jakarta-servlets-4.2.30.jar:/Users/sravyabommadevara/.m2/repository/io/dropwizard/metrics/metrics-json/4.2.30/metrics-json-4.2.30.jar:/Users/sravyabommadevara/.m2/repository/com/helger/profiler/1.1.1/profiler-1.1.1.jar:/Users/sravyabommadevara/.m2/repository/io/dropwizard/metrics/metrics-healthchecks/4.2.30/metrics-healthchecks-4.2.30.jar:/Users/sravyabommadevara/.m2/repository/io/dropwizard/dropwizard-request-logging/4.0.12/dropwizard-request-logging-4.0.12.jar:/Users/sravyabommadevara/.m2/repository/ch/qos/logback/access/logback-access-common/2.0.5/logback-access-common-2.0.5.jar:/Users/sravyabommadevara/.m2/repository/ch/qos/logback/access/logback-access-jetty11/2.0.5/logback-access-jetty11-2.0.5.jar:/Users/sravyabommadevara/.m2/repository/com/fasterxml/jackson/core/jackson-annotations/2.18.2/jackson-annotations-2.18.2.jar:/Users/sravyabommadevara/.m2/repository/com/fasterxml/jackson/core/jackson-databind/2.18.2/jackson-databind-2.18.2.jar:/Users/sravyabommadevara/.m2/repository/org/checkerframework/checker-qual/3.48.4/checker-qual-3.48.4.jar:/Users/sravyabommadevara/.m2/repository/jakarta/servlet/jakarta.servlet-api/5.0.0/jakarta.servlet-api-5.0.0.jar:/Users/sravyabommadevara/.m2/repository/jakarta/validation/jakarta.validation-api/3.0.2/jakarta.validation-api-3.0.2.jar:/Users/sravyabommadevara/.m2/repository/jakarta/ws/rs/jakarta.ws.rs-api/3.0.0/jakarta.ws.rs-api-3.0.0.jar:/Users/sravyabommadevara/.m2/repository/net/sourceforge/argparse4j/argparse4j/0.9.0/argparse4j-0.9.0.jar:/Users/sravyabommadevara/.m2/repository/org/eclipse/jetty/jetty-security/11.0.24/jetty-security-11.0.24.jar:/Users/sravyabommadevara/.m2/repository/org/eclipse/jetty/jetty-server/11.0.24/jetty-server-11.0.24.jar:/Users/sravyabommadevara/.m2/repository/org/eclipse/jetty/jetty-servlet/11.0.24/jetty-servlet-11.0.24.jar:/Users/sravyabommadevara/.m2/repository/org/eclipse/jetty/jetty-util/11.0.24/jetty-util-11.0.24.jar:/Users/sravyabommadevara/.m2/repository/org/eclipse/jetty/toolchain/setuid/jetty-setuid-java/1.0.4/jetty-setuid-java-1.0.4.jar:/Users/sravyabommadevara/.m2/repository/jakarta/inject/jakarta.inject-api/2.0.1.MR/jakarta.inject-api-2.0.1.MR.jar:/Users/sravyabommadevara/.m2/repository/org/glassfish/jersey/core/jersey-common/3.0.17/jersey-common-3.0.17.jar:/Users/sravyabommadevara/.m2/repository/org/glassfish/hk2/osgi-resource-locator/1.0.3/osgi-resource-locator-1.0.3.jar:/Users/sravyabommadevara/.m2/repository/org/glassfish/jersey/ext/jersey-bean-validation/3.0.17/jersey-bean-validation-3.0.17.jar:/Users/sravyabommadevara/.m2/repository/org/jboss/logging/jboss-logging/3.6.0.Final/jboss-logging-3.6.0.Final.jar:/Users/sravyabommadevara/.m2/repository/io/dropwizard/dropwizard-jdbi3/4.0.12/dropwizard-jdbi3-4.0.12.jar:/Users/sravyabommadevara/.m2/repository/io/dropwizard/dropwizard-db/4.0.12/dropwizard-db-4.0.12.jar:/Users/sravyabommadevara/.m2/repository/org/apache/tomcat/tomcat-jdbc/10.1.34/tomcat-jdbc-10.1.34.jar:/Users/sravyabommadevara/.m2/repository/org/apache/tomcat/tomcat-juli/10.1.34/tomcat-juli-10.1.34.jar:/Users/sravyabommadevara/.m2/repository/org/jdbi/jdbi3-guava/3.47.0/jdbi3-guava-3.47.0.jar:/Users/sravyabommadevara/.m2/repository/io/dropwizard/metrics/metrics-jdbi3/4.2.30/metrics-jdbi3-4.2.30.jar:/Users/sravyabommadevara/.m2/repository/org/jdbi/jdbi3-core/3.18.0/jdbi3-core-3.18.0.jar:/Users/sravyabommadevara/.m2/repository/org/antlr/antlr4-runtime/4.7.2/antlr4-runtime-4.7.2.jar:/Users/sravyabommadevara/.m2/repository/io/leangen/geantyref/geantyref/1.3.7/geantyref-1.3.7.jar:/Users/sravyabommadevara/.m2/repository/com/github/ben-manes/caffeine/caffeine/2.8.0/caffeine-2.8.0.jar:/Users/sravyabommadevara/.m2/repository/org/jdbi/jdbi3-sqlobject/3.18.0/jdbi3-sqlobject-3.18.0.jar:/Users/sravyabommadevara/.m2/repository/org/xerial/sqlite-jdbc/3.36.0.3/sqlite-jdbc-3.36.0.3.jar:/Users/sravyabommadevara/.m2/repository/com/google/guava/guava/31.1-jre/guava-31.1-jre.jar:/Users/sravyabommadevara/.m2/repository/com/google/guava/failureaccess/1.0.1/failureaccess-1.0.1.jar:/Users/sravyabommadevara/.m2/repository/com/google/guava/listenablefuture/9999.0-empty-to-avoid-conflict-with-guava/listenablefuture-9999.0-empty-to-avoid-conflict-with-guava.jar:/Users/sravyabommadevara/.m2/repository/com/google/code/findbugs/jsr305/3.0.2/jsr305-3.0.2.jar:/Users/sravyabommadevara/.m2/repository/com/google/errorprone/error_prone_annotations/2.11.0/error_prone_annotations-2.11.0.jar:/Users/sravyabommadevara/.m2/repository/com/google/j2objc/j2objc-annotations/1.3/j2objc-annotations-1.3.jar:/Users/sravyabommadevara/.m2/repository/junit/junit/4.11/junit-4.11.jar:/Users/sravyabommadevara/.m2/repository/org/hamcrest/hamcrest-core/1.3/hamcrest-core-1.3.jar:/Users/sravyabommadevara/.m2/repository/org/junit/jupiter/junit-jupiter-engine/5.8.1/junit-jupiter-engine-5.8.1.jar:/Users/sravyabommadevara/.m2/repository/org/junit/platform/junit-platform-engine/1.8.1/junit-platform-engine-1.8.1.jar:/Users/sravyabommadevara/.m2/repository/org/opentest4j/opentest4j/1.2.0/opentest4j-1.2.0.jar:/Users/sravyabommadevara/.m2/repository/org/junit/platform/junit-platform-commons/1.8.1/junit-platform-commons-1.8.1.jar:/Users/sravyabommadevara/.m2/repository/org/junit/jupiter/junit-jupiter-api/5.8.1/junit-jupiter-api-5.8.1.jar:/Users/sravyabommadevara/.m2/repository/org/apiguardian/apiguardian-api/1.1.2/apiguardian-api-1.1.2.jar:/Users/sravyabommadevara/.m2/repository/org/mockito/mockito-core/4.0.0/mockito-core-4.0.0.jar:/Users/sravyabommadevara/.m2/repository/net/bytebuddy/byte-buddy/1.11.19/byte-buddy-1.11.19.jar:/Users/sravyabommadevara/.m2/repository/net/bytebuddy/byte-buddy-agent/1.11.19/byte-buddy-agent-1.11.19.jar:/Users/sravyabommadevara/.m2/repository/org/objenesis/objenesis/3.2/objenesis-3.2.jar:/Users/sravyabommadevara/.m2/repository/io/dropwizard/dropwizard-testing/4.0.12/dropwizard-testing-4.0.12.jar:/Users/sravyabommadevara/.m2/repository/com/fasterxml/jackson/jakarta/rs/jackson-jakarta-rs-json-provider/2.18.2/jackson-jakarta-rs-json-provider-2.18.2.jar:/Users/sravyabommadevara/.m2/repository/com/fasterxml/jackson/jakarta/rs/jackson-jakarta-rs-base/2.18.2/jackson-jakarta-rs-base-2.18.2.jar:/Users/sravyabommadevara/.m2/repository/com/fasterxml/jackson/module/jackson-module-jakarta-xmlbind-annotations/2.18.2/jackson-module-jakarta-xmlbind-annotations-2.18.2.jar:/Users/sravyabommadevara/.m2/repository/org/glassfish/jersey/containers/jersey-container-servlet-core/3.0.17/jersey-container-servlet-core-3.0.17.jar:/Users/sravyabommadevara/.m2/repository/org/glassfish/jersey/connectors/jersey-apache5-connector/3.0.17/jersey-apache5-connector-3.0.17.jar:/Users/sravyabommadevara/.m2/repository/org/apache/httpcomponents/client5/httpclient5/5.4.1/httpclient5-5.4.1.jar:/Users/sravyabommadevara/.m2/repository/org/apache/httpcomponents/core5/httpcore5-h2/5.3.1/httpcore5-h2-5.3.1.jar:/Users/sravyabommadevara/.m2/repository/org/apache/httpcomponents/core5/httpcore5/5.3.2/httpcore5-5.3.2.jar:/Users/sravyabommadevara/.m2/repository/org/glassfish/jersey/core/jersey-client/3.0.17/jersey-client-3.0.17.jar:/Users/sravyabommadevara/.m2/repository/org/glassfish/jersey/core/jersey-server/3.0.17/jersey-server-3.0.17.jar:/Users/sravyabommadevara/.m2/repository/org/glassfish/jersey/test-framework/jersey-test-framework-core/3.0.17/jersey-test-framework-core-3.0.17.jar:/Users/sravyabommadevara/.m2/repository/org/glassfish/jersey/media/jersey-media-jaxb/3.0.17/jersey-media-jaxb-3.0.17.jar:/Users/sravyabommadevara/.m2/repository/org/junit/jupiter/junit-jupiter/5.11.4/junit-jupiter-5.11.4.jar:/Users/sravyabommadevara/.m2/repository/org/junit/jupiter/junit-jupiter-params/5.11.4/junit-jupiter-params-5.11.4.jar:/Users/sravyabommadevara/.m2/repository/org/hamcrest/hamcrest/3.0/hamcrest-3.0.jar:/Users/sravyabommadevara/.m2/repository/org/glassfish/jersey/test-framework/providers/jersey-test-framework-provider-inmemory/3.0.17/jersey-test-framework-provider-inmemory-3.0.17.jar:/Users/sravyabommadevara/.m2/repository/jakarta/activation/jakarta.activation-api/2.0.1/jakarta.activation-api-2.0.1.jar:/Users/sravyabommadevara/.m2/repository/jakarta/xml/bind/jakarta.xml.bind-api/3.0.1/jakarta.xml.bind-api-3.0.1.jar:/Users/sravyabommadevara/.m2/repository/com/sun/activation/jakarta.activation/2.0.1/jakarta.activation-2.0.1.jar:/Users/sravyabommadevara/.m2/repository/org/slf4j/slf4j-api/1.7.32/slf4j-api-1.7.32.jar:/Users/sravyabommadevara/.m2/repository/ch/qos/logback/logback-classic/1.2.10/logback-classic-1.2.10.jar:/Users/sravyabommadevara/.m2/repository/ch/qos/logback/logback-core/1.2.10/logback-core-1.2.10.jar:"/>
    <property name="java.vm.vendor" value="Homebrew"/>
    <property name="sun.arch.data.model" value="64"/>
    <property name="java.vendor.url" value="https://github.com/Homebrew/homebrew-core/issues"/>
    <property name="os.name" value="Mac OS X"/>
    <property name="java.vm.specification.version" value="23"/>
    <property name="sun.java.launcher" value="SUN_STANDARD"/>
    <property name="user.country" value="US"/>
    <property name="sun.boot.library.path" value="/usr/local/Cellar/openjdk/23/libexec/openjdk.jdk/Contents/Home/lib"/>
    <property name="sun.java.command" value="/Users/sravyabommadevara/Desktop/Final/geolocations_demo/target/surefire/surefirebooter10782300674673823452.jar /Users/sravyabommadevara/Desktop/Final/geolocations_demo/target/surefire 2025-01-23T14-18-09_719-jvmRun1 surefire14866549951897238290tmp surefire_010841269029143108407tmp"/>
    <property name="http.nonProxyHosts" value="local|*.local|169.254/16|*.169.254/16"/>
    <property name="jdk.debug" value="release"/>
    <property name="surefire.test.class.path" value="/Users/sravyabommadevara/Desktop/Final/geolocations_demo/target/test-classes:/Users/sravyabommadevara/Desktop/Final/geolocations_demo/target/classes:/Users/sravyabommadevara/.m2/repository/io/dropwizard/dropwizard-core/4.0.12/dropwizard-core-4.0.12.jar:/Users/sravyabommadevara/.m2/repository/io/dropwizard/dropwizard-util/4.0.12/dropwizard-util-4.0.12.jar:/Users/sravyabommadevara/.m2/repository/io/dropwizard/dropwizard-jackson/4.0.12/dropwizard-jackson-4.0.12.jar:/Users/sravyabommadevara/.m2/repository/com/fasterxml/jackson/core/jackson-core/2.18.2/jackson-core-2.18.2.jar:/Users/sravyabommadevara/.m2/repository/com/fasterxml/jackson/datatype/jackson-datatype-guava/2.18.2/jackson-datatype-guava-2.18.2.jar:/Users/sravyabommadevara/.m2/repository/com/fasterxml/jackson/datatype/jackson-datatype-jsr310/2.18.2/jackson-datatype-jsr310-2.18.2.jar:/Users/sravyabommadevara/.m2/repository/com/fasterxml/jackson/datatype/jackson-datatype-jdk8/2.18.2/jackson-datatype-jdk8-2.18.2.jar:/Users/sravyabommadevara/.m2/repository/com/fasterxml/jackson/module/jackson-module-parameter-names/2.18.2/jackson-module-parameter-names-2.18.2.jar:/Users/sravyabommadevara/.m2/repository/com/fasterxml/jackson/module/jackson-module-blackbird/2.18.2/jackson-module-blackbird-2.18.2.jar:/Users/sravyabommadevara/.m2/repository/io/dropwizard/dropwizard-validation/4.0.12/dropwizard-validation-4.0.12.jar:/Users/sravyabommadevara/.m2/repository/com/fasterxml/classmate/1.7.0/classmate-1.7.0.jar:/Users/sravyabommadevara/.m2/repository/org/hibernate/validator/hibernate-validator/7.0.5.Final/hibernate-validator-7.0.5.Final.jar:/Users/sravyabommadevara/.m2/repository/org/glassfish/jakarta.el/4.0.2/jakarta.el-4.0.2.jar:/Users/sravyabommadevara/.m2/repository/jakarta/el/jakarta.el-api/4.0.0/jakarta.el-api-4.0.0.jar:/Users/sravyabommadevara/.m2/repository/io/dropwizard/dropwizard-configuration/4.0.12/dropwizard-configuration-4.0.12.jar:/Users/sravyabommadevara/.m2/repository/com/fasterxml/jackson/dataformat/jackson-dataformat-yaml/2.18.2/jackson-dataformat-yaml-2.18.2.jar:/Users/sravyabommadevara/.m2/repository/org/yaml/snakeyaml/2.3/snakeyaml-2.3.jar:/Users/sravyabommadevara/.m2/repository/org/apache/commons/commons-text/1.13.0/commons-text-1.13.0.jar:/Users/sravyabommadevara/.m2/repository/org/apache/commons/commons-lang3/3.17.0/commons-lang3-3.17.0.jar:/Users/sravyabommadevara/.m2/repository/io/dropwizard/dropwizard-logging/4.0.12/dropwizard-logging-4.0.12.jar:/Users/sravyabommadevara/.m2/repository/io/dropwizard/metrics/metrics-logback/4.2.30/metrics-logback-4.2.30.jar:/Users/sravyabommadevara/.m2/repository/org/slf4j/jul-to-slf4j/2.0.16/jul-to-slf4j-2.0.16.jar:/Users/sravyabommadevara/.m2/repository/io/dropwizard/logback/logback-throttling-appender/1.4.2/logback-throttling-appender-1.4.2.jar:/Users/sravyabommadevara/.m2/repository/org/slf4j/log4j-over-slf4j/2.0.16/log4j-over-slf4j-2.0.16.jar:/Users/sravyabommadevara/.m2/repository/org/slf4j/jcl-over-slf4j/2.0.16/jcl-over-slf4j-2.0.16.jar:/Users/sravyabommadevara/.m2/repository/io/dropwizard/dropwizard-metrics/4.0.12/dropwizard-metrics-4.0.12.jar:/Users/sravyabommadevara/.m2/repository/io/dropwizard/dropwizard-jersey/4.0.12/dropwizard-jersey-4.0.12.jar:/Users/sravyabommadevara/.m2/repository/org/glassfish/jersey/ext/jersey-metainf-services/3.0.17/jersey-metainf-services-3.0.17.jar:/Users/sravyabommadevara/.m2/repository/org/glassfish/jersey/inject/jersey-hk2/3.0.17/jersey-hk2-3.0.17.jar:/Users/sravyabommadevara/.m2/repository/org/glassfish/hk2/hk2-locator/3.0.6/hk2-locator-3.0.6.jar:/Users/sravyabommadevara/.m2/repository/org/javassist/javassist/3.30.2-GA/javassist-3.30.2-GA.jar:/Users/sravyabommadevara/.m2/repository/io/dropwizard/metrics/metrics-jersey3/4.2.30/metrics-jersey3-4.2.30.jar:/Users/sravyabommadevara/.m2/repository/jakarta/annotation/jakarta.annotation-api/2.0.0/jakarta.annotation-api-2.0.0.jar:/Users/sravyabommadevara/.m2/repository/org/glassfish/hk2/hk2-api/3.0.6/hk2-api-3.0.6.jar:/Users/sravyabommadevara/.m2/repository/org/glassfish/hk2/hk2-utils/3.0.6/hk2-utils-3.0.6.jar:/Users/sravyabommadevara/.m2/repository/org/glassfish/hk2/external/aopalliance-repackaged/3.0.6/aopalliance-repackaged-3.0.6.jar:/Users/sravyabommadevara/.m2/repository/org/glassfish/jersey/containers/jersey-container-servlet/3.0.17/jersey-container-servlet-3.0.17.jar:/Users/sravyabommadevara/.m2/repository/org/eclipse/jetty/jetty-io/11.0.24/jetty-io-11.0.24.jar:/Users/sravyabommadevara/.m2/repository/io/dropwizard/dropwizard-servlets/4.0.12/dropwizard-servlets-4.0.12.jar:/Users/sravyabommadevara/.m2/repository/io/dropwizard/dropwizard-jetty/4.0.12/dropwizard-jetty-4.0.12.jar:/Users/sravyabommadevara/.m2/repository/org/eclipse/jetty/jetty-servlets/11.0.24/jetty-servlets-11.0.24.jar:/Users/sravyabommadevara/.m2/repository/org/eclipse/jetty/jetty-http/11.0.24/jetty-http-11.0.24.jar:/Users/sravyabommadevara/.m2/repository/io/dropwizard/dropwizard-lifecycle/4.0.12/dropwizard-lifecycle-4.0.12.jar:/Users/sravyabommadevara/.m2/repository/io/dropwizard/dropwizard-health/4.0.12/dropwizard-health-4.0.12.jar:/Users/sravyabommadevara/.m2/repository/io/dropwizard/metrics/metrics-core/4.2.30/metrics-core-4.2.30.jar:/Users/sravyabommadevara/.m2/repository/io/dropwizard/metrics/metrics-jetty11/4.2.30/metrics-jetty11-4.2.30.jar:/Users/sravyabommadevara/.m2/repository/io/dropwizard/metrics/metrics-annotation/4.2.30/metrics-annotation-4.2.30.jar:/Users/sravyabommadevara/.m2/repository/io/dropwizard/metrics/metrics-jvm/4.2.30/metrics-jvm-4.2.30.jar:/Users/sravyabommadevara/.m2/repository/io/dropwizard/metrics/metrics-jmx/4.2.30/metrics-jmx-4.2.30.jar:/Users/sravyabommadevara/.m2/repository/io/dropwizard/metrics/metrics-jakarta-servlets/4.2.30/metrics-jakarta-servlets-4.2.30.jar:/Users/sravyabommadevara/.m2/repository/io/dropwizard/metrics/metrics-json/4.2.30/metrics-json-4.2.30.jar:/Users/sravyabommadevara/.m2/repository/com/helger/profiler/1.1.1/profiler-1.1.1.jar:/Users/sravyabommadevara/.m2/repository/io/dropwizard/metrics/metrics-healthchecks/4.2.30/metrics-healthchecks-4.2.30.jar:/Users/sravyabommadevara/.m2/repository/io/dropwizard/dropwizard-request-logging/4.0.12/dropwizard-request-logging-4.0.12.jar:/Users/sravyabommadevara/.m2/repository/ch/qos/logback/access/logback-access-common/2.0.5/logback-access-common-2.0.5.jar:/Users/sravyabommadevara/.m2/repository/ch/qos/logback/access/logback-access-jetty11/2.0.5/logback-access-jetty11-2.0.5.jar:/Users/sravyabommadevara/.m2/repository/com/fasterxml/jackson/core/jackson-annotations/2.18.2/jackson-annotations-2.18.2.jar:/Users/sravyabommadevara/.m2/repository/com/fasterxml/jackson/core/jackson-databind/2.18.2/jackson-databind-2.18.2.jar:/Users/sravyabommadevara/.m2/repository/org/checkerframework/checker-qual/3.48.4/checker-qual-3.48.4.jar:/Users/sravyabommadevara/.m2/repository/jakarta/servlet/jakarta.servlet-api/5.0.0/jakarta.servlet-api-5.0.0.jar:/Users/sravyabommadevara/.m2/repository/jakarta/validation/jakarta.validation-api/3.0.2/jakarta.validation-api-3.0.2.jar:/Users/sravyabommadevara/.m2/repository/jakarta/ws/rs/jakarta.ws.rs-api/3.0.0/jakarta.ws.rs-api-3.0.0.jar:/Users/sravyabommadevara/.m2/repository/net/sourceforge/argparse4j/argparse4j/0.9.0/argparse4j-0.9.0.jar:/Users/sravyabommadevara/.m2/repository/org/eclipse/jetty/jetty-security/11.0.24/jetty-security-11.0.24.jar:/Users/sravyabommadevara/.m2/repository/org/eclipse/jetty/jetty-server/11.0.24/jetty-server-11.0.24.jar:/Users/sravyabommadevara/.m2/repository/org/eclipse/jetty/jetty-servlet/11.0.24/jetty-servlet-11.0.24.jar:/Users/sravyabommadevara/.m2/repository/org/eclipse/jetty/jetty-util/11.0.24/jetty-util-11.0.24.jar:/Users/sravyabommadevara/.m2/repository/org/eclipse/jetty/toolchain/setuid/jetty-setuid-java/1.0.4/jetty-setuid-java-1.0.4.jar:/Users/sravyabommadevara/.m2/repository/jakarta/inject/jakarta.inject-api/2.0.1.MR/jakarta.inject-api-2.0.1.MR.jar:/Users/sravyabommadevara/.m2/repository/org/glassfish/jersey/core/jersey-common/3.0.17/jersey-common-3.0.17.jar:/Users/sravyabommadevara/.m2/repository/org/glassfish/hk2/osgi-resource-locator/1.0.3/osgi-resource-locator-1.0.3.jar:/Users/sravyabommadevara/.m2/repository/org/glassfish/jersey/ext/jersey-bean-validation/3.0.17/jersey-bean-validation-3.0.17.jar:/Users/sravyabommadevara/.m2/repository/org/jboss/logging/jboss-logging/3.6.0.Final/jboss-logging-3.6.0.Final.jar:/Users/sravyabommadevara/.m2/repository/io/dropwizard/dropwizard-jdbi3/4.0.12/dropwizard-jdbi3-4.0.12.jar:/Users/sravyabommadevara/.m2/repository/io/dropwizard/dropwizard-db/4.0.12/dropwizard-db-4.0.12.jar:/Users/sravyabommadevara/.m2/repository/org/apache/tomcat/tomcat-jdbc/10.1.34/tomcat-jdbc-10.1.34.jar:/Users/sravyabommadevara/.m2/repository/org/apache/tomcat/tomcat-juli/10.1.34/tomcat-juli-10.1.34.jar:/Users/sravyabommadevara/.m2/repository/org/jdbi/jdbi3-guava/3.47.0/jdbi3-guava-3.47.0.jar:/Users/sravyabommadevara/.m2/repository/io/dropwizard/metrics/metrics-jdbi3/4.2.30/metrics-jdbi3-4.2.30.jar:/Users/sravyabommadevara/.m2/repository/org/jdbi/jdbi3-core/3.18.0/jdbi3-core-3.18.0.jar:/Users/sravyabommadevara/.m2/repository/org/antlr/antlr4-runtime/4.7.2/antlr4-runtime-4.7.2.jar:/Users/sravyabommadevara/.m2/repository/io/leangen/geantyref/geantyref/1.3.7/geantyref-1.3.7.jar:/Users/sravyabommadevara/.m2/repository/com/github/ben-manes/caffeine/caffeine/2.8.0/caffeine-2.8.0.jar:/Users/sravyabommadevara/.m2/repository/org/jdbi/jdbi3-sqlobject/3.18.0/jdbi3-sqlobject-3.18.0.jar:/Users/sravyabommadevara/.m2/repository/org/xerial/sqlite-jdbc/3.36.0.3/sqlite-jdbc-3.36.0.3.jar:/Users/sravyabommadevara/.m2/repository/com/google/guava/guava/31.1-jre/guava-31.1-jre.jar:/Users/sravyabommadevara/.m2/repository/com/google/guava/failureaccess/1.0.1/failureaccess-1.0.1.jar:/Users/sravyabommadevara/.m2/repository/com/google/guava/listenablefuture/9999.0-empty-to-avoid-conflict-with-guava/listenablefuture-9999.0-empty-to-avoid-conflict-with-guava.jar:/Users/sravyabommadevara/.m2/repository/com/google/code/findbugs/jsr305/3.0.2/jsr305-3.0.2.jar:/Users/sravyabommadevara/.m2/repository/com/google/errorprone/error_prone_annotations/2.11.0/error_prone_annotations-2.11.0.jar:/Users/sravyabommadevara/.m2/repository/com/google/j2objc/j2objc-annotations/1.3/j2objc-annotations-1.3.jar:/Users/sravyabommadevara/.m2/repository/junit/junit/4.11/junit-4.11.jar:/Users/sravyabommadevara/.m2/repository/org/hamcrest/hamcrest-core/1.3/hamcrest-core-1.3.jar:/Users/sravyabommadevara/.m2/repository/org/junit/jupiter/junit-jupiter-engine/5.8.1/junit-jupiter-engine-5.8.1.jar:/Users/sravyabommadevara/.m2/repository/org/junit/platform/junit-platform-engine/1.8.1/junit-platform-engine-1.8.1.jar:/Users/sravyabommadevara/.m2/repository/org/opentest4j/opentest4j/1.2.0/opentest4j-1.2.0.jar:/Users/sravyabommadevara/.m2/repository/org/junit/platform/junit-platform-commons/1.8.1/junit-platform-commons-1.8.1.jar:/Users/sravyabommadevara/.m2/repository/org/junit/jupiter/junit-jupiter-api/5.8.1/junit-jupiter-api-5.8.1.jar:/Users/sravyabommadevara/.m2/repository/org/apiguardian/apiguardian-api/1.1.2/apiguardian-api-1.1.2.jar:/Users/sravyabommadevara/.m2/repository/org/mockito/mockito-core/4.0.0/mockito-core-4.0.0.jar:/Users/sravyabommadevara/.m2/repository/net/bytebuddy/byte-buddy/1.11.19/byte-buddy-1.11.19.jar:/Users/sravyabommadevara/.m2/repository/net/bytebuddy/byte-buddy-agent/1.11.19/byte-buddy-agent-1.11.19.jar:/Users/sravyabommadevara/.m2/repository/org/objenesis/objenesis/3.2/objenesis-3.2.jar:/Users/sravyabommadevara/.m2/repository/io/dropwizard/dropwizard-testing/4.0.12/dropwizard-testing-4.0.12.jar:/Users/sravyabommadevara/.m2/repository/com/fasterxml/jackson/jakarta/rs/jackson-jakarta-rs-json-provider/2.18.2/jackson-jakarta-rs-json-provider-2.18.2.jar:/Users/sravyabommadevara/.m2/repository/com/fasterxml/jackson/jakarta/rs/jackson-jakarta-rs-base/2.18.2/jackson-jakarta-rs-base-2.18.2.jar:/Users/sravyabommadevara/.m2/repository/com/fasterxml/jackson/module/jackson-module-jakarta-xmlbind-annotations/2.18.2/jackson-module-jakarta-xmlbind-annotations-2.18.2.jar:/Users/sravyabommadevara/.m2/repository/org/glassfish/jersey/containers/jersey-container-servlet-core/3.0.17/jersey-container-servlet-core-3.0.17.jar:/Users/sravyabommadevara/.m2/repository/org/glassfish/jersey/connectors/jersey-apache5-connector/3.0.17/jersey-apache5-connector-3.0.17.jar:/Users/sravyabommadevara/.m2/repository/org/apache/httpcomponents/client5/httpclient5/5.4.1/httpclient5-5.4.1.jar:/Users/sravyabommadevara/.m2/repository/org/apache/httpcomponents/core5/httpcore5-h2/5.3.1/httpcore5-h2-5.3.1.jar:/Users/sravyabommadevara/.m2/repository/org/apache/httpcomponents/core5/httpcore5/5.3.2/httpcore5-5.3.2.jar:/Users/sravyabommadevara/.m2/repository/org/glassfish/jersey/core/jersey-client/3.0.17/jersey-client-3.0.17.jar:/Users/sravyabommadevara/.m2/repository/org/glassfish/jersey/core/jersey-server/3.0.17/jersey-server-3.0.17.jar:/Users/sravyabommadevara/.m2/repository/org/glassfish/jersey/test-framework/jersey-test-framework-core/3.0.17/jersey-test-framework-core-3.0.17.jar:/Users/sravyabommadevara/.m2/repository/org/glassfish/jersey/media/jersey-media-jaxb/3.0.17/jersey-media-jaxb-3.0.17.jar:/Users/sravyabommadevara/.m2/repository/org/junit/jupiter/junit-jupiter/5.11.4/junit-jupiter-5.11.4.jar:/Users/sravyabommadevara/.m2/repository/org/junit/jupiter/junit-jupiter-params/5.11.4/junit-jupiter-params-5.11.4.jar:/Users/sravyabommadevara/.m2/repository/org/hamcrest/hamcrest/3.0/hamcrest-3.0.jar:/Users/sravyabommadevara/.m2/repository/org/glassfish/jersey/test-framework/providers/jersey-test-framework-provider-inmemory/3.0.17/jersey-test-framework-provider-inmemory-3.0.17.jar:/Users/sravyabommadevara/.m2/repository/jakarta/activation/jakarta.activation-api/2.0.1/jakarta.activation-api-2.0.1.jar:/Users/sravyabommadevara/.m2/repository/jakarta/xml/bind/jakarta.xml.bind-api/3.0.1/jakarta.xml.bind-api-3.0.1.jar:/Users/sravyabommadevara/.m2/repository/com/sun/activation/jakarta.activation/2.0.1/jakarta.activation-2.0.1.jar:/Users/sravyabommadevara/.m2/repository/org/slf4j/slf4j-api/1.7.32/slf4j-api-1.7.32.jar:/Users/sravyabommadevara/.m2/repository/ch/qos/logback/logback-classic/1.2.10/logback-classic-1.2.10.jar:/Users/sravyabommadevara/.m2/repository/ch/qos/logback/logback-core/1.2.10/logback-core-1.2.10.jar:"/>
    <property name="sun.cpu.endian" value="little"/>
    <property name="user.home" value="/Users/sravyabommadevara"/>
    <property name="user.language" value="en"/>
    <property name="java.specification.vendor" value="Oracle Corporation"/>
    <property name="java.version.date" value="2024-09-17"/>
    <property name="java.home" value="/usr/local/Cellar/openjdk/23/libexec/openjdk.jdk/Contents/Home"/>
    <property name="file.separator" value="/"/>
    <property name="basedir" value="/Users/sravyabommadevara/Desktop/Final/geolocations_demo"/>
    <property name="java.vm.compressedOopsMode" value="Zero based"/>
    <property name="line.separator" value="&#10;"/>
    <property name="java.vm.specification.vendor" value="Oracle Corporation"/>
    <property name="java.specification.name" value="Java Platform API Specification"/>
    <property name="apple.awt.application.name" value="ForkedBooter"/>
    <property name="surefire.real.class.path" value="/Users/sravyabommadevara/Desktop/Final/geolocations_demo/target/surefire/surefirebooter10782300674673823452.jar"/>
    <property name="sun.management.compiler" value="HotSpot 64-Bit Tiered Compilers"/>
    <property name="ftp.nonProxyHosts" value="local|*.local|169.254/16|*.169.254/16"/>
    <property name="java.runtime.version" value="23"/>
    <property name="user.name" value="sravyabommadevara"/>
    <property name="stdout.encoding" value="UTF-8"/>
    <property name="path.separator" value=":"/>
    <property name="os.version" value="14.2.1"/>
    <property name="java.runtime.name" value="OpenJDK Runtime Environment"/>
    <property name="file.encoding" value="UTF-8"/>
    <property name="java.vm.name" value="OpenJDK 64-Bit Server VM"/>
    <property name="java.vendor.version" value="Homebrew"/>
    <property name="localRepository" value="/Users/sravyabommadevara/.m2/repository"/>
    <property name="java.vendor.url.bug" value="https://github.com/Homebrew/homebrew-core/issues"/>
    <property name="java.io.tmpdir" value="/var/folders/hj/pbkmxc5j0g510_dln7f9v9yh0000gn/T/"/>
    <property name="java.version" value="23"/>
    <property name="user.dir" value="/Users/sravyabommadevara/Desktop/Final/geolocations_demo"/>
    <property name="os.arch" value="x86_64"/>
    <property name="java.vm.specification.name" value="Java Virtual Machine Specification"/>
    <property name="native.encoding" value="UTF-8"/>
    <property name="java.library.path" value="/Users/sravyabommadevara/Library/Java/Extensions:/Library/Java/Extensions:/Network/Library/Java/Extensions:/System/Library/Java/Extensions:/usr/lib/java:."/>
    <property name="java.vm.info" value="mixed mode, sharing"/>
    <property name="stderr.encoding" value="UTF-8"/>
    <property name="java.vendor" value="Homebrew"/>
    <property name="java.vm.version" value="23"/>
    <property name="sun.io.unicode.encoding" value="UnicodeBig"/>
    <property name="socksNonProxyHosts" value="local|*.local|169.254/16|*.169.254/16"/>
    <property name="java.class.version" value="67.0"/>
  </properties>
  <testcase name="testGetGeolocation" classname="com.geolocations.IpGeolocationIntegrationTest" time="0.287"/>
</testsuite>